Flow report for MC68K
Wed Feb 01 21:45:54 2017
Quartus II 64-Bit Version 13.0.1 Build 232 06/12/2013 Service Pack 1 SJ Web Edition


---------------------
; Table of Contents ;
---------------------
  1. Legal Notice
  2. Flow Summary
  3. Flow Settings
  4. Flow Non-Default Global Settings
  5. Flow Elapsed Time
  6. Flow OS Summary
  7. Flow Log
  8. Flow Messages
  9. Flow Suppressed Messages



----------------
; Legal Notice ;
----------------
Copyright (C) 1991-2013 Altera Corporation
Your use of Altera Corporation's design tools, logic functions 
and other software and tools, and its AMPP partner logic 
functions, and any output files from any of the foregoing 
(including device programming or simulation files), and any 
associated documentation or information are expressly subject 
to the terms and conditions of the Altera Program License 
Subscription Agreement, Altera MegaCore Function License 
Agreement, or other applicable license agreement, including, 
without limitation, that your use is for the sole purpose of 
programming logic devices manufactured by Altera and sold by 
Altera or its authorized distributors.  Please refer to the 
applicable agreement for further details.



+--------------------------------------------------------------------------------------+
; Flow Summary                                                                         ;
+------------------------------------+-------------------------------------------------+
; Flow Status                        ; Successful - Wed Feb 01 21:45:54 2017           ;
; Quartus II 64-Bit Version          ; 13.0.1 Build 232 06/12/2013 SP 1 SJ Web Edition ;
; Revision Name                      ; MC68K                                           ;
; Top-level Entity Name              ; MC68K                                           ;
; Family                             ; Cyclone II                                      ;
; Device                             ; EP2C35F672C6                                    ;
; Timing Models                      ; Final                                           ;
; Total logic elements               ; 4,858 / 33,216 ( 15 % )                         ;
;     Total combinational functions  ; 4,684 / 33,216 ( 14 % )                         ;
;     Dedicated logic registers      ; 1,202 / 33,216 ( 4 % )                          ;
; Total registers                    ; 1202                                            ;
; Total pins                         ; 427 / 475 ( 90 % )                              ;
; Total virtual pins                 ; 0                                               ;
; Total memory bits                  ; 394,304 / 483,840 ( 81 % )                      ;
; Embedded Multiplier 9-bit elements ; 0 / 70 ( 0 % )                                  ;
; Total PLLs                         ; 0 / 4 ( 0 % )                                   ;
+------------------------------------+-------------------------------------------------+


+-----------------------------------------+
; Flow Settings                           ;
+-------------------+---------------------+
; Option            ; Setting             ;
+-------------------+---------------------+
; Start date & time ; 02/01/2017 21:43:22 ;
; Main task         ; Compilation         ;
; Revision Name     ; MC68K               ;
+-------------------+---------------------+


+-------------------------------------------------------------------------------------------------------------------------------------------------+
; Flow Non-Default Global Settings                                                                                                                ;
+-----------------------------------------+---------------------------------------+--------------------------------+-------------+----------------+
; Assignment Name                         ; Value                                 ; Default Value                  ; Entity Name ; Section Id     ;
+-----------------------------------------+---------------------------------------+--------------------------------+-------------+----------------+
; ADV_NETLIST_OPT_SYNTH_WYSIWYG_REMAP     ; On                                    ; Off                            ; --          ; --             ;
; AUTO_PACKED_REGISTERS_STRATIXII         ; Normal                                ; Auto                           ; --          ; --             ;
; COMPILER_SIGNATURE_ID                   ; 115410745192659.148601420112092       ; --                             ; --          ; --             ;
; DO_COMBINED_ANALYSIS                    ; On                                    ; Off                            ; --          ; --             ;
; EDA_GENERATE_FUNCTIONAL_NETLIST         ; Off                                   ; --                             ; --          ; eda_simulation ;
; EDA_OUTPUT_DATA_FORMAT                  ; Verilog Hdl                           ; --                             ; --          ; eda_simulation ;
; EDA_SIMULATION_TOOL                     ; ModelSim-Altera (Verilog)             ; <None>                         ; --          ; --             ;
; EDA_TIME_SCALE                          ; 1 ps                                  ; --                             ; --          ; eda_simulation ;
; FITTER_EFFORT                           ; Standard Fit                          ; Auto Fit                       ; --          ; --             ;
; FMAX_REQUIREMENT                        ; 25 MHz                                ; --                             ; --          ; --             ;
; IGNORE_CLOCK_SETTINGS                   ; On                                    ; Off                            ; --          ; --             ;
; IGNORE_LCELL_BUFFERS                    ; On                                    ; Off                            ; --          ; --             ;
; IP_TOOL_NAME                            ; LPM_BUSTRI                            ; --                             ; --          ; --             ;
; IP_TOOL_NAME                            ; LPM_ROM                               ; --                             ; --          ; --             ;
; IP_TOOL_NAME                            ; RAM: 1-PORT                           ; --                             ; --          ; --             ;
; IP_TOOL_NAME                            ; ROM: 1-PORT                           ; --                             ; --          ; --             ;
; IP_TOOL_NAME                            ; RAM: 2-PORT                           ; --                             ; --          ; --             ;
; IP_TOOL_NAME                            ; ROM: 1-PORT                           ; --                             ; --          ; --             ;
; IP_TOOL_NAME                            ; LPM_BUSTRI                            ; --                             ; --          ; --             ;
; IP_TOOL_NAME                            ; ALTPLL                                ; --                             ; --          ; --             ;
; IP_TOOL_NAME                            ; ALTPLL                                ; --                             ; --          ; --             ;
; IP_TOOL_NAME                            ; LPM_BUSTRI                            ; --                             ; --          ; --             ;
; IP_TOOL_NAME                            ; LPM_BUSTRI                            ; --                             ; --          ; --             ;
; IP_TOOL_NAME                            ; RAM: 1-PORT                           ; --                             ; --          ; --             ;
; IP_TOOL_NAME                            ; ALTPLL                                ; --                             ; --          ; --             ;
; IP_TOOL_NAME                            ; ALTPLL                                ; --                             ; --          ; --             ;
; IP_TOOL_NAME                            ; RAM: 1-PORT                           ; --                             ; --          ; --             ;
; IP_TOOL_NAME                            ; ROM: 1-PORT                           ; --                             ; --          ; --             ;
; IP_TOOL_VERSION                         ; 9.0                                   ; --                             ; --          ; --             ;
; IP_TOOL_VERSION                         ; 9.0                                   ; --                             ; --          ; --             ;
; IP_TOOL_VERSION                         ; 9.0                                   ; --                             ; --          ; --             ;
; IP_TOOL_VERSION                         ; 9.0                                   ; --                             ; --          ; --             ;
; IP_TOOL_VERSION                         ; 9.0                                   ; --                             ; --          ; --             ;
; IP_TOOL_VERSION                         ; 9.0                                   ; --                             ; --          ; --             ;
; IP_TOOL_VERSION                         ; 9.0                                   ; --                             ; --          ; --             ;
; IP_TOOL_VERSION                         ; 9.0                                   ; --                             ; --          ; --             ;
; IP_TOOL_VERSION                         ; 9.0                                   ; --                             ; --          ; --             ;
; IP_TOOL_VERSION                         ; 9.0                                   ; --                             ; --          ; --             ;
; IP_TOOL_VERSION                         ; 9.0                                   ; --                             ; --          ; --             ;
; IP_TOOL_VERSION                         ; 9.0                                   ; --                             ; --          ; --             ;
; IP_TOOL_VERSION                         ; 9.0                                   ; --                             ; --          ; --             ;
; IP_TOOL_VERSION                         ; 13.0                                  ; --                             ; --          ; --             ;
; IP_TOOL_VERSION                         ; 13.0                                  ; --                             ; --          ; --             ;
; IP_TOOL_VERSION                         ; 13.0                                  ; --                             ; --          ; --             ;
; MAX_CORE_JUNCTION_TEMP                  ; 85                                    ; --                             ; --          ; --             ;
; MIN_CORE_JUNCTION_TEMP                  ; 0                                     ; --                             ; --          ; --             ;
; MISC_FILE                               ; lpm_bustri0.bsf                       ; --                             ; --          ; --             ;
; MISC_FILE                               ; lpm_bustri0.cmp                       ; --                             ; --          ; --             ;
; MISC_FILE                               ; lpm_rom0.bsf                          ; --                             ; --          ; --             ;
; MISC_FILE                               ; lpm_rom0.cmp                          ; --                             ; --          ; --             ;
; MISC_FILE                               ; Ram4kbyte.bsf                         ; --                             ; --          ; --             ;
; MISC_FILE                               ; Ram4kbyte.cmp                         ; --                             ; --          ; --             ;
; MISC_FILE                               ; Rom4kword.bsf                         ; --                             ; --          ; --             ;
; MISC_FILE                               ; Rom4kword.cmp                         ; --                             ; --          ; --             ;
; MISC_FILE                               ; VideoRam.bsf                          ; --                             ; --          ; --             ;
; MISC_FILE                               ; VideoRam.cmp                          ; --                             ; --          ; --             ;
; MISC_FILE                               ; OnChipRom8KWord.bsf                   ; --                             ; --          ; --             ;
; MISC_FILE                               ; OnChipRom8KWord.cmp                   ; --                             ; --          ; --             ;
; MISC_FILE                               ; lpm_bustri2.bsf                       ; --                             ; --          ; --             ;
; MISC_FILE                               ; lpm_bustri2.cmp                       ; --                             ; --          ; --             ;
; MISC_FILE                               ; ClockGen.bsf                          ; --                             ; --          ; --             ;
; MISC_FILE                               ; ClockGen.cmp                          ; --                             ; --          ; --             ;
; MISC_FILE                               ; ClockGen.ppf                          ; --                             ; --          ; --             ;
; MISC_FILE                               ; VGAClockGen.bsf                       ; --                             ; --          ; --             ;
; MISC_FILE                               ; VGAClockGen.cmp                       ; --                             ; --          ; --             ;
; MISC_FILE                               ; VGAClockGen.ppf                       ; --                             ; --          ; --             ;
; MISC_FILE                               ; AddressTriState.bsf                   ; --                             ; --          ; --             ;
; MISC_FILE                               ; AddressTriState.cmp                   ; --                             ; --          ; --             ;
; MISC_FILE                               ; SingleBitTriState.bsf                 ; --                             ; --          ; --             ;
; MISC_FILE                               ; SingleBitTriState.cmp                 ; --                             ; --          ; --             ;
; MISC_FILE                               ; OnChip8KRam.bsf                       ; --                             ; --          ; --             ;
; MISC_FILE                               ; OnChip8KRam.cmp                       ; --                             ; --          ; --             ;
; MISC_FILE                               ; ClockGenerator.bsf                    ; --                             ; --          ; --             ;
; MISC_FILE                               ; ClockGenerator.cmp                    ; --                             ; --          ; --             ;
; MISC_FILE                               ; ClockGenerator.ppf                    ; --                             ; --          ; --             ;
; MISC_FILE                               ; ClockPLL.bsf                          ; --                             ; --          ; --             ;
; MISC_FILE                               ; ClockPLL.cmp                          ; --                             ; --          ; --             ;
; MISC_FILE                               ; ClockPLL.ppf                          ; --                             ; --          ; --             ;
; MISC_FILE                               ; Ram8Kbyte.bsf                         ; --                             ; --          ; --             ;
; MISC_FILE                               ; Ram8Kbyte.cmp                         ; --                             ; --          ; --             ;
; MISC_FILE                               ; OnChipRom16KWord.bsf                  ; --                             ; --          ; --             ;
; MISC_FILE                               ; OnChipRom16KWord.cmp                  ; --                             ; --          ; --             ;
; MUX_RESTRUCTURE                         ; Off                                   ; Auto                           ; --          ; --             ;
; OPTIMIZE_HOLD_TIMING                    ; All Paths                             ; IO Paths and Minimum TPD Paths ; --          ; --             ;
; OUTPUT_PIN_LOAD                         ; 5                                     ; --                             ; --          ; 3.3-V LVTTL    ;
; OUTPUT_PIN_LOAD                         ; 5                                     ; --                             ; --          ; 3.3-V LVCMOS   ;
; OUTPUT_PIN_LOAD                         ; 5                                     ; --                             ; --          ; 2.5 V          ;
; OUTPUT_PIN_LOAD                         ; 5                                     ; --                             ; --          ; 1.8 V          ;
; OUTPUT_PIN_LOAD                         ; 5                                     ; --                             ; --          ; 1.5 V          ;
; PARTITION_COLOR                         ; 16764057                              ; --                             ; --          ; Top            ;
; PARTITION_FITTER_PRESERVATION_LEVEL     ; PLACEMENT_AND_ROUTING                 ; --                             ; --          ; Top            ;
; PARTITION_NETLIST_TYPE                  ; SOURCE                                ; --                             ; --          ; Top            ;
; PHYSICAL_SYNTHESIS_COMBO_LOGIC          ; On                                    ; Off                            ; --          ; --             ;
; PHYSICAL_SYNTHESIS_REGISTER_DUPLICATION ; On                                    ; Off                            ; --          ; --             ;
; PHYSICAL_SYNTHESIS_REGISTER_RETIMING    ; On                                    ; Off                            ; --          ; --             ;
; POWER_BOARD_THERMAL_MODEL               ; None (CONSERVATIVE)                   ; --                             ; --          ; --             ;
; POWER_PRESET_COOLING_SOLUTION           ; 23 MM HEAT SINK WITH 200 LFPM AIRFLOW ; --                             ; --          ; --             ;
; ROUTER_TIMING_OPTIMIZATION_LEVEL        ; MAXIMUM                               ; Normal                         ; --          ; --             ;
; SYNTH_TIMING_DRIVEN_SYNTHESIS           ; On                                    ; Off                            ; --          ; --             ;
; USE_GENERATED_PHYSICAL_CONSTRAINTS      ; Off                                   ; --                             ; --          ; eda_blast_fpga ;
+-----------------------------------------+---------------------------------------+--------------------------------+-------------+----------------+


+-------------------------------------------------------------------------------------------------------------------------------+
; Flow Elapsed Time                                                                                                             ;
+---------------------------+--------------+-------------------------+---------------------+------------------------------------+
; Module Name               ; Elapsed Time ; Average Processors Used ; Peak Virtual Memory ; Total CPU Time (on all processors) ;
+---------------------------+--------------+-------------------------+---------------------+------------------------------------+
; Analysis & Synthesis      ; 00:01:14     ; 1.0                     ; 581 MB              ; 00:01:13                           ;
; Fitter                    ; 00:00:58     ; 1.0                     ; 839 MB              ; 00:00:58                           ;
; Assembler                 ; 00:00:04     ; 1.0                     ; 471 MB              ; 00:00:04                           ;
; TimeQuest Timing Analyzer ; 00:00:03     ; 1.0                     ; 501 MB              ; 00:00:03                           ;
; EDA Netlist Writer        ; 00:00:05     ; 1.0                     ; 467 MB              ; 00:00:05                           ;
; Total                     ; 00:02:24     ; --                      ; --                  ; 00:02:23                           ;
+---------------------------+--------------+-------------------------+---------------------+------------------------------------+


+----------------------------------------------------------------------------------------+
; Flow OS Summary                                                                        ;
+---------------------------+------------------+-----------+------------+----------------+
; Module Name               ; Machine Hostname ; OS Name   ; OS Version ; Processor type ;
+---------------------------+------------------+-----------+------------+----------------+
; Analysis & Synthesis      ; DESKTOP-7S2DTQH  ; Windows 7 ; 6.2        ; x86_64         ;
; Fitter                    ; DESKTOP-7S2DTQH  ; Windows 7 ; 6.2        ; x86_64         ;
; Assembler                 ; DESKTOP-7S2DTQH  ; Windows 7 ; 6.2        ; x86_64         ;
; TimeQuest Timing Analyzer ; DESKTOP-7S2DTQH  ; Windows 7 ; 6.2        ; x86_64         ;
; EDA Netlist Writer        ; DESKTOP-7S2DTQH  ; Windows 7 ; 6.2        ; x86_64         ;
+---------------------------+------------------+-----------+------------+----------------+


------------
; Flow Log ;
------------
quartus_map --read_settings_files=on --write_settings_files=off MC68K -c MC68K
quartus_fit --read_settings_files=off --write_settings_files=off MC68K -c MC68K
quartus_asm --read_settings_files=off --write_settings_files=off MC68K -c MC68K
quartus_sta MC68K -c MC68K
quartus_eda --read_settings_files=off --write_settings_files=off MC68K -c MC68K



