c:\m68kv6.0 - 640by480\programs\srecord_to_mif_converter\srecord_to_mif_converter\srecord_to_mif_converter\debug\stomifconverterv6.obj
c:\m68kv6.0 - 640by480\programs\srecord_to_mif_converter\srecord_to_mif_converter\srecord_to_mif_converter\debug\vc100.pdb
c:\m68kv6.0 - 640by480\programs\srecord_to_mif_converter\srecord_to_mif_converter\debug\srecord_to_mif_converter.ilk
c:\m68kv6.0 - 640by480\programs\srecord_to_mif_converter\srecord_to_mif_converter\debug\srecord_to_mif_converter.exe
c:\m68kv6.0 - 640by480\programs\srecord_to_mif_converter\srecord_to_mif_converter\srecord_to_mif_converter\debug\srecord_to_mif_converter.exe.intermediate.manifest
c:\m68kv6.0 - 640by480\programs\srecord_to_mif_converter\srecord_to_mif_converter\debug\srecord_to_mif_converter.pdb
c:\m68kv6.0 - 640by480\programs\srecord_to_mif_converter\srecord_to_mif_converter\srecord_to_mif_converter\debug\srecord_to_mif_converter.exe.embed.manifest
c:\m68kv6.0 - 640by480\programs\srecord_to_mif_converter\srecord_to_mif_converter\srecord_to_mif_converter\debug\srecord_to_mif_converter.exe.embed.manifest.res
c:\m68kv6.0 - de2 - 640by480 - for 465 students\programs\srecord_to_mif_converter\srecord_to_mif_converter\srecord_to_mif_converter\debug\vc120.pdb
c:\m68kv6.0 - de2 - 640by480 - for 465 students\programs\srecord_to_mif_converter\srecord_to_mif_converter\srecord_to_mif_converter\debug\vc120.idb
c:\m68kv6.0 - de2 - 640by480 - for 465 students\programs\srecord_to_mif_converter\srecord_to_mif_converter\srecord_to_mif_converter\debug\stomifconverterv6.obj
c:\m68kv6.0 - de2 - 640by480 - for 465 students\programs\srecord_to_mif_converter\srecord_to_mif_converter\srecord_to_mif_converter\debug\cl.command.1.tlog
c:\m68kv6.0 - de2 - 640by480 - for 465 students\programs\srecord_to_mif_converter\srecord_to_mif_converter\srecord_to_mif_converter\debug\cl.read.1.tlog
c:\m68kv6.0 - de2 - 640by480 - for 465 students\programs\srecord_to_mif_converter\srecord_to_mif_converter\srecord_to_mif_converter\debug\cl.write.1.tlog
c:\m68kv6.0 - de2 - 640by480 - for 465 students\programs\srecord_to_mif_converter\srecord_to_mif_converter\srecord_to_mif_converter\debug\link-cvtres.read.1.tlog
c:\m68kv6.0 - de2 - 640by480 - for 465 students\programs\srecord_to_mif_converter\srecord_to_mif_converter\srecord_to_mif_converter\debug\link-cvtres.write.1.tlog
c:\m68kv6.0 - de2 - 640by480 - for 465 students\programs\srecord_to_mif_converter\srecord_to_mif_converter\srecord_to_mif_converter\debug\link.408-cvtres.read.1.tlog
c:\m68kv6.0 - de2 - 640by480 - for 465 students\programs\srecord_to_mif_converter\srecord_to_mif_converter\srecord_to_mif_converter\debug\link.408-cvtres.write.1.tlog
c:\m68kv6.0 - de2 - 640by480 - for 465 students\programs\srecord_to_mif_converter\srecord_to_mif_converter\srecord_to_mif_converter\debug\link.408.read.1.tlog
c:\m68kv6.0 - de2 - 640by480 - for 465 students\programs\srecord_to_mif_converter\srecord_to_mif_converter\srecord_to_mif_converter\debug\link.408.write.1.tlog
c:\m68kv6.0 - de2 - 640by480 - for 465 students\programs\srecord_to_mif_converter\srecord_to_mif_converter\srecord_to_mif_converter\debug\link.command.1.tlog
c:\m68kv6.0 - de2 - 640by480 - for 465 students\programs\srecord_to_mif_converter\srecord_to_mif_converter\srecord_to_mif_converter\debug\link.read.1.tlog
c:\m68kv6.0 - de2 - 640by480 - for 465 students\programs\srecord_to_mif_converter\srecord_to_mif_converter\srecord_to_mif_converter\debug\link.write.1.tlog
c:\m68kv6.0 - de2 - 640by480 - for 465 students\programs\srecord_to_mif_converter\srecord_to_mif_converter\srecord_to_mif_converter\debug\mt.command.1.tlog
c:\m68kv6.0 - de2 - 640by480 - for 465 students\programs\srecord_to_mif_converter\srecord_to_mif_converter\srecord_to_mif_converter\debug\mt.read.1.tlog
c:\m68kv6.0 - de2 - 640by480 - for 465 students\programs\srecord_to_mif_converter\srecord_to_mif_converter\srecord_to_mif_converter\debug\mt.write.1.tlog
c:\m68kv6.0 - de2 - 640by480 - for 465 students\programs\srecord_to_mif_converter\srecord_to_mif_converter\srecord_to_mif_converter\debug\rc.command.1.tlog
c:\m68kv6.0 - de2 - 640by480 - for 465 students\programs\srecord_to_mif_converter\srecord_to_mif_converter\srecord_to_mif_converter\debug\rc.read.1.tlog
c:\m68kv6.0 - de2 - 640by480 - for 465 students\programs\srecord_to_mif_converter\srecord_to_mif_converter\srecord_to_mif_converter\debug\rc.write.1.tlog
c:\m68kv6.0 - de2 - 640by480 - for 465 students\programs\srecord_to_mif_converter\srecord_to_mif_converter\srecord_to_mif_converter\debug\srecord_to_mif_converter.exe.embed.manifest
c:\m68kv6.0 - de2 - 640by480 - for 465 students\programs\srecord_to_mif_converter\srecord_to_mif_converter\srecord_to_mif_converter\debug\srecord_to_mif_converter.exe.intermediate.manifest
c:\m68kv6.0 - de2 - 640by480 - for 465 students\programs\srecord_to_mif_converter\srecord_to_mif_converter\srecord_to_mif_converter\debug\srecord_to_mif_converter.exe.embed.manifest.res
c:\m68kv6.0 - de2 - 640by480 - for 465 students\programs\srecord_to_mif_converter\srecord_to_mif_converter\srecord_to_mif_converter\debug\vc100.idb
c:\m68kv6.0 - de2 - 640by480 - for 465 students\programs\srecord_to_mif_converter\srecord_to_mif_converter\srecord_to_mif_converter\debug\vc90.idb
c:\m68kv6.0 - de2 - 640by480 - for 465 students\programs\srecord_to_mif_converter\srecord_to_mif_converter\srecord_to_mif_converter\debug\vc100.pdb
c:\m68kv6.0 - de2 - 640by480 - for 465 students\programs\srecord_to_mif_converter\srecord_to_mif_converter\srecord_to_mif_converter\debug\vc90.pdb
c:\m68kv6.0 - de2 - 640by480 - for 465 students\programs\srecord_to_mif_converter\srecord_to_mif_converter\srecord_to_mif_converter\debug\srecord_to_mif_converter_manifest.rc
c:\m68kv6.0 - de2 - 640by480 - for 465 students\programs\srecord_to_mif_converter\srecord_to_mif_converter\debug\srecord_to_mif_converter.pdb
c:\m68kv6.0 - de2 - 640by480 - for 465 students\programs\srecord_to_mif_converter\srecord_to_mif_converter\srecord_to_mif_converter\debug\srecord_.ce2afcd8.tlog\cl.command.1.tlog
c:\m68kv6.0 - de2 - 640by480 - for 465 students\programs\srecord_to_mif_converter\srecord_to_mif_converter\srecord_to_mif_converter\debug\srecord_.ce2afcd8.tlog\cl.read.1.tlog
c:\m68kv6.0 - de2 - 640by480 - for 465 students\programs\srecord_to_mif_converter\srecord_to_mif_converter\srecord_to_mif_converter\debug\srecord_.ce2afcd8.tlog\cl.write.1.tlog
c:\m68kv6.0 - de2 - 640by480 - for 465 students\programs\srecord_to_mif_converter\srecord_to_mif_converter\srecord_to_mif_converter\debug\srecord_.ce2afcd8.tlog\link-cvtres.read.1.tlog
c:\m68kv6.0 - de2 - 640by480 - for 465 students\programs\srecord_to_mif_converter\srecord_to_mif_converter\srecord_to_mif_converter\debug\srecord_.ce2afcd8.tlog\link-cvtres.write.1.tlog
c:\m68kv6.0 - de2 - 640by480 - for 465 students\programs\srecord_to_mif_converter\srecord_to_mif_converter\srecord_to_mif_converter\debug\srecord_.ce2afcd8.tlog\link-rc.read.1.tlog
c:\m68kv6.0 - de2 - 640by480 - for 465 students\programs\srecord_to_mif_converter\srecord_to_mif_converter\srecord_to_mif_converter\debug\srecord_.ce2afcd8.tlog\link-rc.write.1.tlog
c:\m68kv6.0 - de2 - 640by480 - for 465 students\programs\srecord_to_mif_converter\srecord_to_mif_converter\srecord_to_mif_converter\debug\srecord_.ce2afcd8.tlog\link.command.1.tlog
c:\m68kv6.0 - de2 - 640by480 - for 465 students\programs\srecord_to_mif_converter\srecord_to_mif_converter\srecord_to_mif_converter\debug\srecord_.ce2afcd8.tlog\link.read.1.tlog
c:\m68kv6.0 - de2 - 640by480 - for 465 students\programs\srecord_to_mif_converter\srecord_to_mif_converter\srecord_to_mif_converter\debug\srecord_.ce2afcd8.tlog\link.write.1.tlog
