  StoMifConverterV6.cpp
c:\m68kv6.0 - de2 - 640by480 - for 465 students\programs\srecord_to_mif_converter\srecord_to_mif_converter\srecord_to_mif_converter\stomifconverterv6.cpp(18): warning C4996: 'fopen': This function or variable may be unsafe. Consider using fopen_s instead. To disable deprecation, use _CRT_SECURE_NO_WARNINGS. See online help for details.
  c:\program files (x86)\windows kits\10\include\10.0.10240.0\ucrt\stdio.h(205): note: see declaration of 'fopen'
c:\m68kv6.0 - de2 - 640by480 - for 465 students\programs\srecord_to_mif_converter\srecord_to_mif_converter\srecord_to_mif_converter\stomifconverterv6.cpp(21): warning C4996: 'getch': The POSIX name for this item is deprecated. Instead, use the ISO C and C++ conformant name: _getch. See online help for details.
  c:\program files (x86)\windows kits\10\include\10.0.10240.0\ucrt\conio.h(452): note: see declaration of 'getch'
c:\m68kv6.0 - de2 - 640by480 - for 465 students\programs\srecord_to_mif_converter\srecord_to_mif_converter\srecord_to_mif_converter\stomifconverterv6.cpp(25): warning C4996: 'fopen': This function or variable may be unsafe. Consider using fopen_s instead. To disable deprecation, use _CRT_SECURE_NO_WARNINGS. See online help for details.
  c:\program files (x86)\windows kits\10\include\10.0.10240.0\ucrt\stdio.h(205): note: see declaration of 'fopen'
c:\m68kv6.0 - de2 - 640by480 - for 465 students\programs\srecord_to_mif_converter\srecord_to_mif_converter\srecord_to_mif_converter\stomifconverterv6.cpp(28): warning C4996: 'getch': The POSIX name for this item is deprecated. Instead, use the ISO C and C++ conformant name: _getch. See online help for details.
  c:\program files (x86)\windows kits\10\include\10.0.10240.0\ucrt\conio.h(452): note: see declaration of 'getch'
c:\m68kv6.0 - de2 - 640by480 - for 465 students\programs\srecord_to_mif_converter\srecord_to_mif_converter\srecord_to_mif_converter\stomifconverterv6.cpp(76): warning C4996: 'sscanf': This function or variable may be unsafe. Consider using sscanf_s instead. To disable deprecation, use _CRT_SECURE_NO_WARNINGS. See online help for details.
  c:\program files (x86)\windows kits\10\include\10.0.10240.0\ucrt\stdio.h(2254): note: see declaration of 'sscanf'
c:\m68kv6.0 - de2 - 640by480 - for 465 students\programs\srecord_to_mif_converter\srecord_to_mif_converter\srecord_to_mif_converter\stomifconverterv6.cpp(77): warning C4996: 'sscanf': This function or variable may be unsafe. Consider using sscanf_s instead. To disable deprecation, use _CRT_SECURE_NO_WARNINGS. See online help for details.
  c:\program files (x86)\windows kits\10\include\10.0.10240.0\ucrt\stdio.h(2254): note: see declaration of 'sscanf'
c:\m68kv6.0 - de2 - 640by480 - for 465 students\programs\srecord_to_mif_converter\srecord_to_mif_converter\srecord_to_mif_converter\stomifconverterv6.cpp(82): warning C4996: 'sscanf': This function or variable may be unsafe. Consider using sscanf_s instead. To disable deprecation, use _CRT_SECURE_NO_WARNINGS. See online help for details.
  c:\program files (x86)\windows kits\10\include\10.0.10240.0\ucrt\stdio.h(2254): note: see declaration of 'sscanf'
c:\m68kv6.0 - de2 - 640by480 - for 465 students\programs\srecord_to_mif_converter\srecord_to_mif_converter\srecord_to_mif_converter\stomifconverterv6.cpp(91): warning C4996: 'sscanf': This function or variable may be unsafe. Consider using sscanf_s instead. To disable deprecation, use _CRT_SECURE_NO_WARNINGS. See online help for details.
  c:\program files (x86)\windows kits\10\include\10.0.10240.0\ucrt\stdio.h(2254): note: see declaration of 'sscanf'
c:\m68kv6.0 - de2 - 640by480 - for 465 students\programs\srecord_to_mif_converter\srecord_to_mif_converter\srecord_to_mif_converter\stomifconverterv6.cpp(92): warning C4996: 'sscanf': This function or variable may be unsafe. Consider using sscanf_s instead. To disable deprecation, use _CRT_SECURE_NO_WARNINGS. See online help for details.
  c:\program files (x86)\windows kits\10\include\10.0.10240.0\ucrt\stdio.h(2254): note: see declaration of 'sscanf'
c:\m68kv6.0 - de2 - 640by480 - for 465 students\programs\srecord_to_mif_converter\srecord_to_mif_converter\srecord_to_mif_converter\stomifconverterv6.cpp(100): warning C4996: 'sscanf': This function or variable may be unsafe. Consider using sscanf_s instead. To disable deprecation, use _CRT_SECURE_NO_WARNINGS. See online help for details.
  c:\program files (x86)\windows kits\10\include\10.0.10240.0\ucrt\stdio.h(2254): note: see declaration of 'sscanf'
c:\m68kv6.0 - de2 - 640by480 - for 465 students\programs\srecord_to_mif_converter\srecord_to_mif_converter\srecord_to_mif_converter\stomifconverterv6.cpp(110): warning C4996: 'sscanf': This function or variable may be unsafe. Consider using sscanf_s instead. To disable deprecation, use _CRT_SECURE_NO_WARNINGS. See online help for details.
  c:\program files (x86)\windows kits\10\include\10.0.10240.0\ucrt\stdio.h(2254): note: see declaration of 'sscanf'
c:\m68kv6.0 - de2 - 640by480 - for 465 students\programs\srecord_to_mif_converter\srecord_to_mif_converter\srecord_to_mif_converter\stomifconverterv6.cpp(111): warning C4996: 'sscanf': This function or variable may be unsafe. Consider using sscanf_s instead. To disable deprecation, use _CRT_SECURE_NO_WARNINGS. See online help for details.
  c:\program files (x86)\windows kits\10\include\10.0.10240.0\ucrt\stdio.h(2254): note: see declaration of 'sscanf'
c:\m68kv6.0 - de2 - 640by480 - for 465 students\programs\srecord_to_mif_converter\srecord_to_mif_converter\srecord_to_mif_converter\stomifconverterv6.cpp(119): warning C4996: 'sscanf': This function or variable may be unsafe. Consider using sscanf_s instead. To disable deprecation, use _CRT_SECURE_NO_WARNINGS. See online help for details.
  c:\program files (x86)\windows kits\10\include\10.0.10240.0\ucrt\stdio.h(2254): note: see declaration of 'sscanf'
  SRecord_to_MIF_Converter.vcxproj -> C:\M68kV6.0 - DE2 - 640by480 - For 465 students\Programs\SRecord_to_MIF_Converter\SRecord_to_MIF_Converter\Debug\SRecord_to_MIF_Converter.exe
  SRecord_to_MIF_Converter.vcxproj -> C:\M68kV6.0 - DE2 - 640by480 - For 465 students\Programs\SRecord_to_MIF_Converter\SRecord_to_MIF_Converter\Debug\SRecord_to_MIF_Converter.pdb (Full PDB)
